{"/home/lfurzewaddock/Documents/projects/github.com/lfurzewaddock/gekko/apps/gekko/core/util.js": {"path":"/home/lfurzewaddock/Documents/projects/github.com/lfurzewaddock/gekko/apps/gekko/core/util.js","statementMap":{"0":{"start":{"line":1,"column":13},"end":{"line":1,"column":30}},"1":{"start":{"line":2,"column":8},"end":{"line":2,"column":25}},"2":{"start":{"line":3,"column":11},"end":{"line":3,"column":26}},"3":{"start":{"line":4,"column":9},"end":{"line":4,"column":22}},"4":{"start":{"line":5,"column":13},"end":{"line":5,"column":30}},"5":{"start":{"line":6,"column":14},"end":{"line":6,"column":34}},"6":{"start":{"line":8,"column":16},"end":{"line":8,"column":24}},"7":{"start":{"line":10,"column":14},"end":{"line":10,"column":19}},"8":{"start":{"line":11,"column":15},"end":{"line":11,"column":20}},"9":{"start":{"line":12,"column":19},"end":{"line":12,"column":24}},"10":{"start":{"line":13,"column":17},"end":{"line":13,"column":22}},"11":{"start":{"line":14,"column":16},"end":{"line":14,"column":21}},"12":{"start":{"line":16,"column":12},"end":{"line":16,"column":17}},"13":{"start":{"line":19,"column":11},"end":{"line":168,"column":1}},"14":{"start":{"line":22,"column":4},"end":{"line":23,"column":21}},"15":{"start":{"line":23,"column":6},"end":{"line":23,"column":21}},"16":{"start":{"line":25,"column":4},"end":{"line":26,"column":56}},"17":{"start":{"line":26,"column":8},"end":{"line":26,"column":56}},"18":{"start":{"line":28,"column":4},"end":{"line":29,"column":63}},"19":{"start":{"line":29,"column":6},"end":{"line":29,"column":63}},"20":{"start":{"line":31,"column":4},"end":{"line":31,"column":58}},"21":{"start":{"line":32,"column":4},"end":{"line":32,"column":19}},"22":{"start":{"line":36,"column":4},"end":{"line":36,"column":21}},"23":{"start":{"line":39,"column":4},"end":{"line":42,"column":27}},"24":{"start":{"line":40,"column":6},"end":{"line":40,"column":35}},"25":{"start":{"line":42,"column":6},"end":{"line":42,"column":27}},"26":{"start":{"line":45,"column":4},"end":{"line":45,"column":37}},"27":{"start":{"line":48,"column":4},"end":{"line":49,"column":22}},"28":{"start":{"line":49,"column":6},"end":{"line":49,"column":22}},"29":{"start":{"line":52,"column":4},"end":{"line":52,"column":85}},"30":{"start":{"line":53,"column":4},"end":{"line":53,"column":20}},"31":{"start":{"line":56,"column":4},"end":{"line":56,"column":42}},"32":{"start":{"line":59,"column":19},"end":{"line":59,"column":48}},"33":{"start":{"line":60,"column":4},"end":{"line":60,"column":55}},"34":{"start":{"line":65,"column":4},"end":{"line":65,"column":28}},"35":{"start":{"line":68,"column":4},"end":{"line":68,"column":27}},"36":{"start":{"line":71,"column":4},"end":{"line":74,"column":5}},"37":{"start":{"line":72,"column":17},"end":{"line":72,"column":37}},"38":{"start":{"line":73,"column":6},"end":{"line":73,"column":58}},"39":{"start":{"line":73,"column":34},"end":{"line":73,"column":54}},"40":{"start":{"line":77,"column":4},"end":{"line":78,"column":45}},"41":{"start":{"line":82,"column":4},"end":{"line":84,"column":5}},"42":{"start":{"line":83,"column":6},"end":{"line":83,"column":75}},"43":{"start":{"line":86,"column":14},"end":{"line":86,"column":39}},"44":{"start":{"line":88,"column":4},"end":{"line":99,"column":5}},"45":{"start":{"line":89,"column":6},"end":{"line":98,"column":7}},"46":{"start":{"line":90,"column":8},"end":{"line":90,"column":39}},"47":{"start":{"line":92,"column":8},"end":{"line":92,"column":64}},"48":{"start":{"line":93,"column":8},"end":{"line":93,"column":26}},"49":{"start":{"line":94,"column":8},"end":{"line":94,"column":23}},"50":{"start":{"line":95,"column":8},"end":{"line":95,"column":36}},"51":{"start":{"line":96,"column":8},"end":{"line":96,"column":31}},"52":{"start":{"line":97,"column":8},"end":{"line":97,"column":16}},"53":{"start":{"line":100,"column":4},"end":{"line":100,"column":20}},"54":{"start":{"line":103,"column":15},"end":{"line":103,"column":33}},"55":{"start":{"line":104,"column":17},"end":{"line":104,"column":30}},"56":{"start":{"line":106,"column":4},"end":{"line":121,"column":5}},"57":{"start":{"line":124,"column":4},"end":{"line":127,"column":6}},"58":{"start":{"line":130,"column":4},"end":{"line":130,"column":55}},"59":{"start":{"line":133,"column":4},"end":{"line":133,"column":22}},"60":{"start":{"line":136,"column":4},"end":{"line":137,"column":24}},"61":{"start":{"line":137,"column":6},"end":{"line":137,"column":24}},"62":{"start":{"line":139,"column":4},"end":{"line":144,"column":24}},"63":{"start":{"line":140,"column":6},"end":{"line":140,"column":24}},"64":{"start":{"line":141,"column":9},"end":{"line":144,"column":24}},"65":{"start":{"line":142,"column":6},"end":{"line":142,"column":24}},"66":{"start":{"line":144,"column":6},"end":{"line":144,"column":24}},"67":{"start":{"line":147,"column":4},"end":{"line":151,"column":5}},"68":{"start":{"line":154,"column":4},"end":{"line":154,"column":20}},"69":{"start":{"line":157,"column":4},"end":{"line":157,"column":37}},"70":{"start":{"line":160,"column":4},"end":{"line":163,"column":19}},"71":{"start":{"line":161,"column":6},"end":{"line":161,"column":18}},"72":{"start":{"line":163,"column":6},"end":{"line":163,"column":19}},"73":{"start":{"line":166,"column":4},"end":{"line":166,"column":21}},"74":{"start":{"line":172,"column":0},"end":{"line":178,"column":23}},"75":{"start":{"line":181,"column":0},"end":{"line":188,"column":20}},"76":{"start":{"line":182,"column":2},"end":{"line":188,"column":20}},"77":{"start":{"line":190,"column":0},"end":{"line":190,"column":22}}},"fnMap":{"0":{"name":"(anonymous_0)","decl":{"start":{"line":20,"column":13},"end":{"line":20,"column":14}},"loc":{"start":{"line":20,"column":24},"end":{"line":33,"column":3}},"line":20},"1":{"name":"(anonymous_1)","decl":{"start":{"line":35,"column":13},"end":{"line":35,"column":14}},"loc":{"start":{"line":35,"column":30},"end":{"line":37,"column":3}},"line":35},"2":{"name":"(anonymous_2)","decl":{"start":{"line":38,"column":21},"end":{"line":38,"column":22}},"loc":{"start":{"line":38,"column":50},"end":{"line":43,"column":3}},"line":38},"3":{"name":"(anonymous_3)","decl":{"start":{"line":44,"column":14},"end":{"line":44,"column":15}},"loc":{"start":{"line":44,"column":25},"end":{"line":46,"column":3}},"line":44},"4":{"name":"(anonymous_4)","decl":{"start":{"line":47,"column":14},"end":{"line":47,"column":15}},"loc":{"start":{"line":47,"column":25},"end":{"line":54,"column":3}},"line":47},"5":{"name":"(anonymous_5)","decl":{"start":{"line":55,"column":26},"end":{"line":55,"column":27}},"loc":{"start":{"line":55,"column":37},"end":{"line":57,"column":3}},"line":55},"6":{"name":"(anonymous_6)","decl":{"start":{"line":58,"column":14},"end":{"line":58,"column":15}},"loc":{"start":{"line":58,"column":25},"end":{"line":61,"column":3}},"line":58},"7":{"name":"(anonymous_7)","decl":{"start":{"line":64,"column":10},"end":{"line":64,"column":11}},"loc":{"start":{"line":64,"column":25},"end":{"line":66,"column":3}},"line":64},"8":{"name":"(anonymous_8)","decl":{"start":{"line":67,"column":11},"end":{"line":67,"column":12}},"loc":{"start":{"line":67,"column":25},"end":{"line":69,"column":3}},"line":67},"9":{"name":"(anonymous_9)","decl":{"start":{"line":70,"column":9},"end":{"line":70,"column":10}},"loc":{"start":{"line":70,"column":22},"end":{"line":75,"column":3}},"line":70},"10":{"name":"(anonymous_10)","decl":{"start":{"line":71,"column":11},"end":{"line":71,"column":12}},"loc":{"start":{"line":71,"column":26},"end":{"line":74,"column":5}},"line":71},"11":{"name":"(anonymous_11)","decl":{"start":{"line":73,"column":21},"end":{"line":73,"column":22}},"loc":{"start":{"line":73,"column":32},"end":{"line":73,"column":56}},"line":73},"12":{"name":"(anonymous_12)","decl":{"start":{"line":76,"column":14},"end":{"line":76,"column":15}},"loc":{"start":{"line":76,"column":25},"end":{"line":79,"column":3}},"line":76},"13":{"name":"(anonymous_13)","decl":{"start":{"line":80,"column":7},"end":{"line":80,"column":8}},"loc":{"start":{"line":80,"column":25},"end":{"line":101,"column":3}},"line":80},"14":{"name":"(anonymous_14)","decl":{"start":{"line":102,"column":8},"end":{"line":102,"column":9}},"loc":{"start":{"line":102,"column":19},"end":{"line":122,"column":3}},"line":102},"15":{"name":"(anonymous_15)","decl":{"start":{"line":123,"column":11},"end":{"line":123,"column":12}},"loc":{"start":{"line":123,"column":34},"end":{"line":128,"column":3}},"line":123},"16":{"name":"(anonymous_16)","decl":{"start":{"line":129,"column":20},"end":{"line":129,"column":21}},"loc":{"start":{"line":129,"column":35},"end":{"line":131,"column":3}},"line":129},"17":{"name":"(anonymous_17)","decl":{"start":{"line":132,"column":16},"end":{"line":132,"column":17}},"loc":{"start":{"line":132,"column":31},"end":{"line":134,"column":3}},"line":132},"18":{"name":"(anonymous_18)","decl":{"start":{"line":135,"column":13},"end":{"line":135,"column":14}},"loc":{"start":{"line":135,"column":24},"end":{"line":145,"column":3}},"line":135},"19":{"name":"(anonymous_19)","decl":{"start":{"line":146,"column":14},"end":{"line":146,"column":15}},"loc":{"start":{"line":146,"column":25},"end":{"line":152,"column":3}},"line":146},"20":{"name":"(anonymous_20)","decl":{"start":{"line":153,"column":15},"end":{"line":153,"column":16}},"loc":{"start":{"line":153,"column":29},"end":{"line":155,"column":3}},"line":153},"21":{"name":"(anonymous_21)","decl":{"start":{"line":156,"column":12},"end":{"line":156,"column":13}},"loc":{"start":{"line":156,"column":23},"end":{"line":158,"column":3}},"line":156},"22":{"name":"(anonymous_22)","decl":{"start":{"line":159,"column":12},"end":{"line":159,"column":13}},"loc":{"start":{"line":159,"column":23},"end":{"line":164,"column":3}},"line":159},"23":{"name":"(anonymous_23)","decl":{"start":{"line":165,"column":16},"end":{"line":165,"column":17}},"loc":{"start":{"line":165,"column":27},"end":{"line":167,"column":3}},"line":165}},"branchMap":{"0":{"loc":{"start":{"line":22,"column":4},"end":{"line":23,"column":21}},"type":"if","locations":[{"start":{"line":22,"column":4},"end":{"line":23,"column":21}},{"start":{},"end":{}}],"line":22},"1":{"loc":{"start":{"line":25,"column":4},"end":{"line":26,"column":56}},"type":"if","locations":[{"start":{"line":25,"column":4},"end":{"line":26,"column":56}},{"start":{},"end":{}}],"line":25},"2":{"loc":{"start":{"line":28,"column":4},"end":{"line":29,"column":63}},"type":"if","locations":[{"start":{"line":28,"column":4},"end":{"line":29,"column":63}},{"start":{},"end":{}}],"line":28},"3":{"loc":{"start":{"line":39,"column":4},"end":{"line":42,"column":27}},"type":"if","locations":[{"start":{"line":39,"column":4},"end":{"line":42,"column":27}},{"start":{"line":42,"column":6},"end":{"line":42,"column":27}}],"line":39},"4":{"loc":{"start":{"line":48,"column":4},"end":{"line":49,"column":22}},"type":"if","locations":[{"start":{"line":48,"column":4},"end":{"line":49,"column":22}},{"start":{},"end":{}}],"line":48},"5":{"loc":{"start":{"line":65,"column":13},"end":{"line":65,"column":27}},"type":"binary-expr","locations":[{"start":{"line":65,"column":13},"end":{"line":65,"column":18}},{"start":{"line":65,"column":22},"end":{"line":65,"column":27}}],"line":65},"6":{"loc":{"start":{"line":82,"column":4},"end":{"line":84,"column":5}},"type":"if","locations":[{"start":{"line":82,"column":4},"end":{"line":84,"column":5}},{"start":{},"end":{}}],"line":82},"7":{"loc":{"start":{"line":88,"column":4},"end":{"line":99,"column":5}},"type":"if","locations":[{"start":{"line":88,"column":4},"end":{"line":99,"column":5}},{"start":{},"end":{}}],"line":88},"8":{"loc":{"start":{"line":89,"column":6},"end":{"line":98,"column":7}},"type":"if","locations":[{"start":{"line":89,"column":6},"end":{"line":98,"column":7}},{"start":{"line":91,"column":13},"end":{"line":98,"column":7}}],"line":89},"9":{"loc":{"start":{"line":136,"column":4},"end":{"line":137,"column":24}},"type":"if","locations":[{"start":{"line":136,"column":4},"end":{"line":137,"column":24}},{"start":{},"end":{}}],"line":136},"10":{"loc":{"start":{"line":139,"column":4},"end":{"line":144,"column":24}},"type":"if","locations":[{"start":{"line":139,"column":4},"end":{"line":144,"column":24}},{"start":{"line":141,"column":9},"end":{"line":144,"column":24}}],"line":139},"11":{"loc":{"start":{"line":141,"column":9},"end":{"line":144,"column":24}},"type":"if","locations":[{"start":{"line":141,"column":9},"end":{"line":144,"column":24}},{"start":{"line":144,"column":6},"end":{"line":144,"column":24}}],"line":141},"12":{"loc":{"start":{"line":157,"column":11},"end":{"line":157,"column":36}},"type":"binary-expr","locations":[{"start":{"line":157,"column":11},"end":{"line":157,"column":20}},{"start":{"line":157,"column":24},"end":{"line":157,"column":36}}],"line":157},"13":{"loc":{"start":{"line":160,"column":4},"end":{"line":163,"column":19}},"type":"if","locations":[{"start":{"line":160,"column":4},"end":{"line":163,"column":19}},{"start":{"line":163,"column":6},"end":{"line":163,"column":19}}],"line":160},"14":{"loc":{"start":{"line":181,"column":0},"end":{"line":188,"column":20}},"type":"if","locations":[{"start":{"line":181,"column":0},"end":{"line":188,"column":20}},{"start":{},"end":{}}],"line":181}},"s":{"0":2,"1":2,"2":2,"3":2,"4":2,"5":2,"6":2,"7":2,"8":2,"9":2,"10":2,"11":2,"12":2,"13":2,"14":0,"15":0,"16":0,"17":0,"18":0,"19":0,"20":0,"21":0,"22":0,"23":0,"24":0,"25":0,"26":2,"27":4,"28":2,"29":2,"30":2,"31":2,"32":2,"33":2,"34":0,"35":0,"36":0,"37":0,"38":0,"39":0,"40":2,"41":0,"42":0,"43":0,"44":0,"45":0,"46":0,"47":0,"48":0,"49":0,"50":0,"51":0,"52":0,"53":0,"54":2,"55":2,"56":2,"57":0,"58":0,"59":0,"60":0,"61":0,"62":0,"63":0,"64":0,"65":0,"66":0,"67":0,"68":0,"69":0,"70":0,"71":0,"72":0,"73":0,"74":2,"75":2,"76":0,"77":2},"f":{"0":0,"1":0,"2":0,"3":2,"4":4,"5":2,"6":2,"7":0,"8":0,"9":0,"10":0,"11":0,"12":2,"13":0,"14":2,"15":0,"16":0,"17":0,"18":0,"19":0,"20":0,"21":0,"22":0,"23":0},"b":{"0":[0,0],"1":[0,0],"2":[0,0],"3":[0,0],"4":[2,2],"5":[0,0],"6":[0,0],"7":[0,0],"8":[0,0],"9":[0,0],"10":[0,0],"11":[0,0],"12":[0,0],"13":[0,0],"14":[0,2]},"_coverageSchema":"1a1c01bbd47fc00a2c39e90264f33305004495a9","hash":"b261735cdaf57443571c68734ef311e88a199613"}
,"/home/lfurzewaddock/Documents/projects/github.com/lfurzewaddock/gekko/apps/gekko/strategies/indicators/DEMA.js": {"path":"/home/lfurzewaddock/Documents/projects/github.com/lfurzewaddock/gekko/apps/gekko/strategies/indicators/DEMA.js","statementMap":{"0":{"start":{"line":2,"column":10},"end":{"line":2,"column":29}},"1":{"start":{"line":4,"column":16},"end":{"line":9,"column":1}},"2":{"start":{"line":5,"column":2},"end":{"line":5,"column":23}},"3":{"start":{"line":6,"column":2},"end":{"line":6,"column":22}},"4":{"start":{"line":7,"column":2},"end":{"line":7,"column":38}},"5":{"start":{"line":8,"column":2},"end":{"line":8,"column":38}},"6":{"start":{"line":13,"column":0},"end":{"line":17,"column":1}},"7":{"start":{"line":14,"column":2},"end":{"line":14,"column":27}},"8":{"start":{"line":15,"column":2},"end":{"line":15,"column":39}},"9":{"start":{"line":16,"column":2},"end":{"line":16,"column":58}},"10":{"start":{"line":19,"column":0},"end":{"line":19,"column":27}}},"fnMap":{"0":{"name":"(anonymous_0)","decl":{"start":{"line":4,"column":16},"end":{"line":4,"column":17}},"loc":{"start":{"line":4,"column":33},"end":{"line":9,"column":1}},"line":4},"1":{"name":"(anonymous_1)","decl":{"start":{"line":13,"column":29},"end":{"line":13,"column":30}},"loc":{"start":{"line":13,"column":45},"end":{"line":17,"column":1}},"line":13}},"branchMap":{},"s":{"0":1,"1":1,"2":1,"3":1,"4":1,"5":1,"6":1,"7":39,"8":39,"9":39,"10":1},"f":{"0":1,"1":39},"b":{},"_coverageSchema":"1a1c01bbd47fc00a2c39e90264f33305004495a9","hash":"143a1e16d55b9492e2969801a7f003fceffe4cae"}
,"/home/lfurzewaddock/Documents/projects/github.com/lfurzewaddock/gekko/apps/gekko/strategies/indicators/EMA.js": {"path":"/home/lfurzewaddock/Documents/projects/github.com/lfurzewaddock/gekko/apps/gekko/strategies/indicators/EMA.js","statementMap":{"0":{"start":{"line":3,"column":16},"end":{"line":8,"column":1}},"1":{"start":{"line":4,"column":2},"end":{"line":4,"column":23}},"2":{"start":{"line":5,"column":2},"end":{"line":5,"column":23}},"3":{"start":{"line":6,"column":2},"end":{"line":6,"column":22}},"4":{"start":{"line":7,"column":2},"end":{"line":7,"column":15}},"5":{"start":{"line":10,"column":0},"end":{"line":20,"column":1}},"6":{"start":{"line":13,"column":2},"end":{"line":14,"column":24}},"7":{"start":{"line":14,"column":4},"end":{"line":14,"column":24}},"8":{"start":{"line":16,"column":2},"end":{"line":16,"column":13}},"9":{"start":{"line":17,"column":2},"end":{"line":17,"column":24}},"10":{"start":{"line":19,"column":2},"end":{"line":19,"column":21}},"11":{"start":{"line":25,"column":0},"end":{"line":34,"column":1}},"12":{"start":{"line":27,"column":10},"end":{"line":27,"column":31}},"13":{"start":{"line":30,"column":10},"end":{"line":30,"column":21}},"14":{"start":{"line":33,"column":2},"end":{"line":33,"column":40}},"15":{"start":{"line":36,"column":0},"end":{"line":36,"column":27}}},"fnMap":{"0":{"name":"(anonymous_0)","decl":{"start":{"line":3,"column":16},"end":{"line":3,"column":17}},"loc":{"start":{"line":3,"column":33},"end":{"line":8,"column":1}},"line":3},"1":{"name":"(anonymous_1)","decl":{"start":{"line":10,"column":29},"end":{"line":10,"column":30}},"loc":{"start":{"line":10,"column":45},"end":{"line":20,"column":1}},"line":10},"2":{"name":"(anonymous_2)","decl":{"start":{"line":25,"column":32},"end":{"line":25,"column":33}},"loc":{"start":{"line":25,"column":48},"end":{"line":34,"column":1}},"line":25}},"branchMap":{"0":{"loc":{"start":{"line":13,"column":2},"end":{"line":14,"column":24}},"type":"if","locations":[{"start":{"line":13,"column":2},"end":{"line":14,"column":24}},{"start":{},"end":{}}],"line":13}},"s":{"0":1,"1":2,"2":2,"3":2,"4":2,"5":1,"6":78,"7":2,"8":78,"9":78,"10":78,"11":1,"12":78,"13":78,"14":78,"15":1},"f":{"0":2,"1":78,"2":78},"b":{"0":[2,76]},"_coverageSchema":"1a1c01bbd47fc00a2c39e90264f33305004495a9","hash":"f5e31806ff81a8ce67eaba6828b697ce7433599f"}
,"/home/lfurzewaddock/Documents/projects/github.com/lfurzewaddock/gekko/apps/gekko/strategies/indicators/SMA.js": {"path":"/home/lfurzewaddock/Documents/projects/github.com/lfurzewaddock/gekko/apps/gekko/strategies/indicators/SMA.js","statementMap":{"0":{"start":{"line":4,"column":16},"end":{"line":11,"column":1}},"1":{"start":{"line":5,"column":2},"end":{"line":5,"column":23}},"2":{"start":{"line":6,"column":2},"end":{"line":6,"column":35}},"3":{"start":{"line":7,"column":2},"end":{"line":7,"column":19}},"4":{"start":{"line":8,"column":2},"end":{"line":8,"column":18}},"5":{"start":{"line":9,"column":2},"end":{"line":9,"column":15}},"6":{"start":{"line":10,"column":2},"end":{"line":10,"column":15}},"7":{"start":{"line":13,"column":0},"end":{"line":19,"column":1}},"8":{"start":{"line":14,"column":13},"end":{"line":14,"column":39}},"9":{"start":{"line":15,"column":2},"end":{"line":15,"column":32}},"10":{"start":{"line":16,"column":2},"end":{"line":16,"column":27}},"11":{"start":{"line":17,"column":2},"end":{"line":17,"column":46}},"12":{"start":{"line":18,"column":2},"end":{"line":18,"column":47}},"13":{"start":{"line":21,"column":0},"end":{"line":21,"column":27}}},"fnMap":{"0":{"name":"(anonymous_0)","decl":{"start":{"line":4,"column":16},"end":{"line":4,"column":17}},"loc":{"start":{"line":4,"column":39},"end":{"line":11,"column":1}},"line":4},"1":{"name":"(anonymous_1)","decl":{"start":{"line":13,"column":29},"end":{"line":13,"column":30}},"loc":{"start":{"line":13,"column":45},"end":{"line":19,"column":1}},"line":13}},"branchMap":{"0":{"loc":{"start":{"line":14,"column":13},"end":{"line":14,"column":39}},"type":"binary-expr","locations":[{"start":{"line":14,"column":13},"end":{"line":14,"column":34}},{"start":{"line":14,"column":38},"end":{"line":14,"column":39}}],"line":14}},"s":{"0":1,"1":3,"2":3,"3":3,"4":3,"5":3,"6":3,"7":1,"8":117,"9":117,"10":117,"11":117,"12":117,"13":1},"f":{"0":3,"1":117},"b":{"0":[117,48]},"_coverageSchema":"1a1c01bbd47fc00a2c39e90264f33305004495a9","hash":"5aff3767bc542d898a7a52754d9d52ab0e9976c1"}
}
