TN:
SF:core/candleBatcher.js
FN:15,(anonymous_0)
FN:28,(anonymous_1)
FN:35,(anonymous_2)
FN:43,(anonymous_3)
FN:52,(anonymous_4)
FN:55,(anonymous_5)
FN:61,(anonymous_6)
FN:69,(anonymous_7)
FNF:8
FNH:8
FNDA:5,(anonymous_0)
FNDA:5,(anonymous_1)
FNDA:23,(anonymous_2)
FNDA:23,(anonymous_3)
FNDA:2,(anonymous_4)
FNDA:6,(anonymous_5)
FNDA:11,(anonymous_6)
FNDA:11,(anonymous_7)
DA:12,1
DA:13,1
DA:15,1
DA:16,5
DA:17,1
DA:19,4
DA:20,4
DA:21,4
DA:23,4
DA:26,1
DA:28,1
DA:29,5
DA:30,1
DA:33,4
DA:35,4
DA:36,23
DA:37,23
DA:40,4
DA:43,1
DA:44,23
DA:45,12
DA:47,11
DA:48,11
DA:49,11
DA:52,1
DA:53,2
DA:55,6
DA:58,2
DA:61,1
DA:63,11
DA:65,11
DA:67,11
DA:70,11
DA:71,11
DA:72,11
DA:73,11
DA:74,11
DA:75,11
DA:76,11
DA:81,11
DA:84,11
DA:87,0
DA:89,11
DA:90,11
DA:93,1
LF:45
LH:44
BRDA:16,0,0,1
BRDA:16,0,1,4
BRDA:29,1,0,1
BRDA:29,1,1,4
BRDA:44,2,0,12
BRDA:44,2,1,11
BRDA:81,3,0,11
BRDA:81,3,1,0
BRF:8
BRH:7
end_of_record
TN:
SF:core/util.js
FN:20,(anonymous_0)
FN:35,(anonymous_1)
FN:38,(anonymous_2)
FN:44,(anonymous_3)
FN:47,(anonymous_4)
FN:55,(anonymous_5)
FN:58,(anonymous_6)
FN:64,(anonymous_7)
FN:67,(anonymous_8)
FN:70,(anonymous_9)
FN:71,(anonymous_10)
FN:73,(anonymous_11)
FN:76,(anonymous_12)
FN:80,(anonymous_13)
FN:102,(anonymous_14)
FN:123,(anonymous_15)
FN:129,(anonymous_16)
FN:132,(anonymous_17)
FN:135,(anonymous_18)
FN:146,(anonymous_19)
FN:153,(anonymous_20)
FN:156,(anonymous_21)
FN:159,(anonymous_22)
FN:165,(anonymous_23)
FNF:24
FNH:8
FNDA:0,(anonymous_0)
FNDA:0,(anonymous_1)
FNDA:0,(anonymous_2)
FNDA:1,(anonymous_3)
FNDA:2,(anonymous_4)
FNDA:1,(anonymous_5)
FNDA:1,(anonymous_6)
FNDA:0,(anonymous_7)
FNDA:0,(anonymous_8)
FNDA:0,(anonymous_9)
FNDA:0,(anonymous_10)
FNDA:0,(anonymous_11)
FNDA:1,(anonymous_12)
FNDA:0,(anonymous_13)
FNDA:1,(anonymous_14)
FNDA:1,(anonymous_15)
FNDA:1,(anonymous_16)
FNDA:0,(anonymous_17)
FNDA:0,(anonymous_18)
FNDA:0,(anonymous_19)
FNDA:0,(anonymous_20)
FNDA:0,(anonymous_21)
FNDA:0,(anonymous_22)
FNDA:0,(anonymous_23)
DA:1,1
DA:2,1
DA:3,1
DA:4,1
DA:5,1
DA:6,1
DA:8,1
DA:10,1
DA:11,1
DA:12,1
DA:13,1
DA:14,1
DA:16,1
DA:19,1
DA:22,0
DA:23,0
DA:25,0
DA:26,0
DA:28,0
DA:29,0
DA:31,0
DA:32,0
DA:36,0
DA:39,0
DA:40,0
DA:42,0
DA:45,1
DA:48,2
DA:49,1
DA:52,1
DA:53,1
DA:56,1
DA:59,1
DA:60,1
DA:65,0
DA:68,0
DA:71,0
DA:72,0
DA:73,0
DA:77,1
DA:82,0
DA:83,0
DA:86,0
DA:88,0
DA:89,0
DA:90,0
DA:92,0
DA:93,0
DA:94,0
DA:95,0
DA:96,0
DA:97,0
DA:100,0
DA:103,1
DA:104,1
DA:106,1
DA:124,1
DA:130,1
DA:133,0
DA:136,0
DA:137,0
DA:139,0
DA:140,0
DA:141,0
DA:142,0
DA:144,0
DA:147,0
DA:154,0
DA:157,0
DA:160,0
DA:161,0
DA:163,0
DA:166,0
DA:172,1
DA:181,1
DA:182,0
DA:190,1
LF:77
LH:31
BRDA:22,0,0,0
BRDA:22,0,1,0
BRDA:25,1,0,0
BRDA:25,1,1,0
BRDA:28,2,0,0
BRDA:28,2,1,0
BRDA:39,3,0,0
BRDA:39,3,1,0
BRDA:48,4,0,1
BRDA:48,4,1,1
BRDA:65,5,0,0
BRDA:65,5,1,0
BRDA:82,6,0,0
BRDA:82,6,1,0
BRDA:88,7,0,0
BRDA:88,7,1,0
BRDA:89,8,0,0
BRDA:89,8,1,0
BRDA:136,9,0,0
BRDA:136,9,1,0
BRDA:139,10,0,0
BRDA:139,10,1,0
BRDA:141,11,0,0
BRDA:141,11,1,0
BRDA:157,12,0,0
BRDA:157,12,1,0
BRDA:160,13,0,0
BRDA:160,13,1,0
BRDA:181,14,0,0
BRDA:181,14,1,1
BRF:30
BRH:3
end_of_record
